<?xml version="1.0" encoding="UTF-8"?>
<!-- Generated by org.testng.reporters.JUnitReportReporter -->
<testsuite hostname="Laptop-Myrine" failures="0" tests="8" name="testNG.TestCalculation" time="0.016" errors="0" timestamp="2024-10-22T11:37:10 MESZ" skipped="0">
  <testcase classname="testNG.TestCalculation" name="testReverseWord2" time="0.002"/>
  <system-out/>
  <testcase classname="testNG.TestCalculation" name="testCube" time="0.010"/>
  <system-out/>
  <testcase classname="testNG.TestCalculation" name="testCube2" time="0.000"/>
  <system-out/>
  <testcase classname="testNG.TestCalculation" name="testFindMax" time="0.001"/>
  <system-out/>
  <testcase classname="testNG.TestCalculation" name="testReverseWord" time="0.001"/>
  <system-out/>
  <testcase classname="testNG.TestCalculation" name="testToThePowerOf" time="0.001"/>
  <system-out/>
  <testcase classname="testNG.TestCalculation" name="testToThePowerOf2" time="0.000"/>
  <system-out/>
  <testcase classname="testNG.TestCalculation" name="testFindMax2" time="0.001"/>
  <system-out/>
</testsuite> <!-- testNG.TestCalculation -->
